\BOOKMARK [1][-]{section.1}{Introduction}{}% 1
\BOOKMARK [1][-]{section.2}{Methods}{}% 2
\BOOKMARK [2][-]{subsection.2.1}{Field Sampling}{section.2}% 3
\BOOKMARK [2][-]{subsection.2.2}{DNA Extraction, Amplification, and Sequencing}{section.2}% 4
\BOOKMARK [2][-]{subsection.2.3}{Bioinformatics}{section.2}% 5
\BOOKMARK [2][-]{subsection.2.4}{Statistical Analysis}{section.2}% 6
\BOOKMARK [3][-]{subsubsection.2.4.1}{Apportioning Variance in Bray-Curtis Dissimilarity Among Sites, Sampling Events, Bottle Samples, and PCR Replicates}{subsection.2.4}% 7
\BOOKMARK [3][-]{subsubsection.2.4.2}{How Many Ecological Communities Are Present?}{subsection.2.4}% 8
\BOOKMARK [3][-]{subsubsection.2.4.3}{Community Identity by Site and Tide}{subsection.2.4}% 9
\BOOKMARK [3][-]{subsubsection.2.4.4}{Characterizing the Observed Ecological Communities}{subsection.2.4}% 10
\BOOKMARK [1][-]{section.3}{Results}{}% 11
\BOOKMARK [2][-]{subsection.3.1}{Community-Level similarity among replicates, sites, etc: Apportioning variance in Bray-Curtis Dissimilarity}{section.3}% 12
\BOOKMARK [2][-]{subsection.3.2}{How Many Ecological Communities Are Present?}{section.3}% 13
\BOOKMARK [2][-]{subsection.3.3}{Community Identity by Site and Tide}{section.3}% 14
\BOOKMARK [2][-]{subsection.3.4}{Environmental Co-variates Assocated with Community Change}{section.3}% 15
\BOOKMARK [2][-]{subsection.3.5}{Taxa Associated with Distinct Communities}{section.3}% 16
\BOOKMARK [1][-]{section.4}{Discussion}{}% 17
\BOOKMARK [2][-]{subsection.4.1}{Acknowledgements}{section.4}% 18
\BOOKMARK [2][-]{subsection.4.2}{Funding}{section.4}% 19
\BOOKMARK [2][-]{subsection.4.3}{Grant Disclosures}{section.4}% 20
\BOOKMARK [1][-]{subsection.4.3}{References}{}% 21
\BOOKMARK [1][-]{section.5}{Supplemental Information}{}% 22
